<?xml version="1.0" encoding="UTF-8"?>
<!-- Generated by org.testng.reporters.JUnitXMLReporter -->
<testsuite hostname="payel-PC" ignored="0" name="Test" tests="6" failures="0" timestamp="18 Apr 2020 13:42:31 GMT" time="0.04" errors="0">
  <testcase name="BrowserAutomation" time="0.01" classname="qaclickacademy.SeleniumTest"/>
  <testcase name="elementUi" time="0.0" classname="qaclickacademy.SeleniumTest"/>
  <testcase name="deleteTwitter" time="0.0" classname="qaclickacademy.RESTAPITest"/>
  <testcase name="postJira" time="0.0" classname="qaclickacademy.RESTAPITest"/>
  <testcase name="IOSApps" time="0.0" classname="qaclickacademy.AppiumTest"/>
  <testcase name="NativeAPpAndroid" time="0.0" classname="qaclickacademy.AppiumTest"/>
</testsuite> <!-- Test -->
